Using pre-set license
Built from '2020.3/staging' branch; Version is '2020.3.18f1 (a7d1c678663c) revision 10998214'; Using compiler version '192528614'; Build Type 'Release'
OS: 'Windows 10 Home; OS build 19043.1415; Version 2009; 64bit' Language: 'ca' Physical Memory: 16149 MB
BatchMode: 1, IsHumanControllingUs: 0, StartBugReporterOnCrash: 0, Is64bit: 1, IsPro: 0

COMMAND LINE ARGUMENTS:
C:\Program Files\Unity\Hub\Editor\2020.3.18f1\Editor\Unity.exe
-adb2
-batchMode
-noUpm
-name
AssetImportWorker0
-projectPath
C:/Users/laiaf/OneDrive/Documents/UOC/Programacio2D/PracticaFinal/PracticaFinal
-logFile
Logs/AssetImportWorker0.log
-srvPort
59196
Successfully changed project path to: C:/Users/laiaf/OneDrive/Documents/UOC/Programacio2D/PracticaFinal/PracticaFinal
C:/Users/laiaf/OneDrive/Documents/UOC/Programacio2D/PracticaFinal/PracticaFinal
Using Asset Import Pipeline V2.
Refreshing native plugins compatible for Editor in 63.73 ms, found 3 plugins.
Preloading 0 native plugins for Editor in 0.00 ms.
Initialize engine version: 2020.3.18f1 (a7d1c678663c)
[Subsystems] Discovering subsystems at path C:/Program Files/Unity/Hub/Editor/2020.3.18f1/Editor/Data/Resources/UnitySubsystems
[Subsystems] Discovering subsystems at path C:/Users/laiaf/OneDrive/Documents/UOC/Programacio2D/PracticaFinal/PracticaFinal/Assets
GfxDevice: creating device client; threaded=0
Direct3D:
    Version:  Direct3D 11.0 [level 11.1]
    Renderer: NVIDIA GeForce MX350 (ID=0x1c94)
    Vendor:   
    VRAM:     1979 MB
    Driver:   27.21.14.6280
Initialize mono
Mono path[0] = 'C:/Program Files/Unity/Hub/Editor/2020.3.18f1/Editor/Data/Managed'
Mono path[1] = 'C:/Program Files/Unity/Hub/Editor/2020.3.18f1/Editor/Data/MonoBleedingEdge/lib/mono/unityjit'
Mono config path = 'C:/Program Files/Unity/Hub/Editor/2020.3.18f1/Editor/Data/MonoBleedingEdge/etc'
Using monoOptions --debugger-agent=transport=dt_socket,embedding=1,server=y,suspend=n,address=127.0.0.1:56272
Begin MonoManager ReloadAssembly
Registering precompiled unity dll's ...
Register platform support module: C:/Program Files/Unity/Hub/Editor/2020.3.18f1/Editor/Data/PlaybackEngines/WebGLSupport/UnityEditor.WebGL.Extensions.dll
Register platform support module: C:/Program Files/Unity/Hub/Editor/2020.3.18f1/Editor/Data/PlaybackEngines/WindowsStandaloneSupport/UnityEditor.WindowsStandalone.Extensions.dll
Registered in 0.005860 seconds.
Native extension for WindowsStandalone target not found
Native extension for WebGL target not found
Refreshing native plugins compatible for Editor in 117.24 ms, found 3 plugins.
Preloading 0 native plugins for Editor in 0.00 ms.
Mono: successfully reloaded assembly
- Completed reload, in  3.377 seconds
Domain Reload Profiling:
	ReloadAssembly (3377ms)
		BeginReloadAssembly (67ms)
			ExecutionOrderSort (0ms)
			DisableScriptedObjects (0ms)
			BackupInstance (0ms)
			ReleaseScriptingObjects (0ms)
			CreateAndSetChildDomain (1ms)
		EndReloadAssembly (825ms)
			LoadAssemblies (68ms)
			RebuildTransferFunctionScriptingTraits (0ms)
			SetupTypeCache (274ms)
			ReleaseScriptCaches (0ms)
			RebuildScriptCaches (60ms)
			SetupLoadedEditorAssemblies (368ms)
				LogAssemblyErrors (0ms)
				InitializePlatformSupportModulesInManaged (10ms)
				SetLoadedEditorAssemblies (0ms)
				RefreshPlugins (117ms)
				BeforeProcessingInitializeOnLoad (31ms)
				ProcessInitializeOnLoadAttributes (157ms)
				ProcessInitializeOnLoadMethodAttributes (52ms)
				AfterProcessingInitializeOnLoad (0ms)
				EditorAssembliesLoaded (0ms)
			ExecutionOrderSort2 (0ms)
			AwakeInstancesAfterBackupRestoration (0ms)
Platform modules already initialized, skipping
Registering precompiled user dll's ...
Registered in 0.007611 seconds.
Begin MonoManager ReloadAssembly
Native extension for WindowsStandalone target not found
Native extension for WebGL target not found
Refreshing native plugins compatible for Editor in 76.47 ms, found 3 plugins.
Preloading 0 native plugins for Editor in 0.00 ms.
Mono: successfully reloaded assembly
- Completed reload, in  1.756 seconds
Domain Reload Profiling:
	ReloadAssembly (1758ms)
		BeginReloadAssembly (138ms)
			ExecutionOrderSort (0ms)
			DisableScriptedObjects (5ms)
			BackupInstance (0ms)
			ReleaseScriptingObjects (0ms)
			CreateAndSetChildDomain (20ms)
		EndReloadAssembly (1543ms)
			LoadAssemblies (129ms)
			RebuildTransferFunctionScriptingTraits (0ms)
			SetupTypeCache (519ms)
			ReleaseScriptCaches (0ms)
			RebuildScriptCaches (82ms)
			SetupLoadedEditorAssemblies (577ms)
				LogAssemblyErrors (0ms)
				InitializePlatformSupportModulesInManaged (5ms)
				SetLoadedEditorAssemblies (0ms)
				RefreshPlugins (77ms)
				BeforeProcessingInitializeOnLoad (151ms)
				ProcessInitializeOnLoadAttributes (306ms)
				ProcessInitializeOnLoadMethodAttributes (25ms)
				AfterProcessingInitializeOnLoad (13ms)
				EditorAssembliesLoaded (0ms)
			ExecutionOrderSort2 (0ms)
			AwakeInstancesAfterBackupRestoration (9ms)
Platform modules already initialized, skipping
========================================================================
Worker process is ready to serve import requests
Launched and connected shader compiler UnityShaderCompiler.exe after 0.05 seconds
Refreshing native plugins compatible for Editor in 0.40 ms, found 3 plugins.
Preloading 0 native plugins for Editor in 0.00 ms.
Unloading 2186 Unused Serialized files (Serialized files now loaded: 0)
System memory in use before: 98.7 MB.
System memory in use after: 98.8 MB.

Unloading 26 unused Assets to reduce memory usage. Loaded Objects now: 2626.
Total: 2.930700 ms (FindLiveObjects: 0.139500 ms CreateObjectMapping: 0.045700 ms MarkObjects: 2.620200 ms  DeleteObjects: 0.123500 ms)

AssetImportParameters requested are different than current active one (requested -> active):
  custom:framework-win-MediaFoundation: 216162199b28c13a410421893ffa2e32 -> 
  custom:video-decoder-ogg-theora: a1e56fd34408186e4bbccfd4996cb3dc -> 
  custom:container-muxer-webm: aa71ff27fc2769a1b78a27578f13a17b -> 
  custom:container-demuxer-webm: 4f35f7cbe854078d1ac9338744f61a02 -> 
  custom:container-demuxer-ogg: 62fdf1f143b41e24485cea50d1cbac27 -> 
  custom:video-encoder-webm-vp8: eb34c28f22e8b96e1ab97ce403110664 -> 
  custom:video-codec-MediaFoundation-h265: 746d11721c4dcdbdad8f713fa42b33f4 -> 
  custom:video-decoder-webm-vp8: 9c59270c3fd7afecdb556c50c9e8de78 -> 
  custom:audio-decoder-ogg-vorbis: bf7c407c2cedff20999df2af8eb42d56 -> 
  custom:audio-encoder-webm-vorbis: bf7c407c2cedff20999df2af8eb42d56 -> 
========================================================================
Received Import Request.
  path: Assets/Sprites/DollArm.png
  artifactKey: Guid(6caa1ca5da2561a499f5ca87310ec8d9) Importer(815301076,1909f56bfc062723c751e8b465ee728b)
Start importing Assets/Sprites/DollArm.png using Guid(6caa1ca5da2561a499f5ca87310ec8d9) Importer(815301076,1909f56bfc062723c751e8b465ee728b)  -> (artifact id: '7160ccd03d10ba2fba03f3c24a7bdba0') in 0.155818 seconds 
  Import took 0.160133 seconds .

========================================================================
Received Import Request.
  Time since last request: 16.208019 seconds.
  path: Assets/Sprites/DollHead.png
  artifactKey: Guid(b3a1e688367347742b0ba6b8b6f6fcd2) Importer(815301076,1909f56bfc062723c751e8b465ee728b)
Start importing Assets/Sprites/DollHead.png using Guid(b3a1e688367347742b0ba6b8b6f6fcd2) Importer(815301076,1909f56bfc062723c751e8b465ee728b)  -> (artifact id: '34f8da4387d38d7ac94e39976194598a') in 0.034763 seconds 
  Import took 0.040414 seconds .

========================================================================
Received Import Request.
  Time since last request: 9.488643 seconds.
  path: Assets/Sprites/DollLeg.png
  artifactKey: Guid(a4349f325ef071649ac6947dce5f12fb) Importer(815301076,1909f56bfc062723c751e8b465ee728b)
Start importing Assets/Sprites/DollLeg.png using Guid(a4349f325ef071649ac6947dce5f12fb) Importer(815301076,1909f56bfc062723c751e8b465ee728b)  -> (artifact id: '627877bd8e09b3dde3a6a865497373fb') in 0.019679 seconds 
  Import took 0.023704 seconds .

========================================================================
Received Import Request.
  Time since last request: 9.049816 seconds.
  path: Assets/Sprites/RabbitArm.png
  artifactKey: Guid(cac2322536a565643aeda16e9041a5b2) Importer(815301076,1909f56bfc062723c751e8b465ee728b)
Start importing Assets/Sprites/RabbitArm.png using Guid(cac2322536a565643aeda16e9041a5b2) Importer(815301076,1909f56bfc062723c751e8b465ee728b)  -> (artifact id: '75ed368f8e229676176bb0690bf36858') in 0.016330 seconds 
  Import took 0.019979 seconds .

========================================================================
Received Import Request.
  Time since last request: 10.302931 seconds.
  path: Assets/Sprites/RabbitHead.png
  artifactKey: Guid(216ef17c47f322846aa1f952708809a9) Importer(815301076,1909f56bfc062723c751e8b465ee728b)
Start importing Assets/Sprites/RabbitHead.png using Guid(216ef17c47f322846aa1f952708809a9) Importer(815301076,1909f56bfc062723c751e8b465ee728b)  -> (artifact id: 'ace838b786f24a37c4dffde1f1159756') in 0.023857 seconds 
  Import took 0.028140 seconds .

========================================================================
Received Import Request.
  Time since last request: 6.683177 seconds.
  path: Assets/Sprites/RabbitLeg.png
  artifactKey: Guid(82be52d0ae7913840a235bf223ae8d9e) Importer(815301076,1909f56bfc062723c751e8b465ee728b)
Start importing Assets/Sprites/RabbitLeg.png using Guid(82be52d0ae7913840a235bf223ae8d9e) Importer(815301076,1909f56bfc062723c751e8b465ee728b)  -> (artifact id: '914558c98e7da2af726cbc813a4716b2') in 0.025819 seconds 
  Import took 0.030264 seconds .

========================================================================
Received Import Request.
  Time since last request: 0.002601 seconds.
  path: Assets/Sprites/RabbitLeg.png
  artifactKey: Guid(82be52d0ae7913840a235bf223ae8d9e) Importer(815301076,1909f56bfc062723c751e8b465ee728b)
Start importing Assets/Sprites/RabbitLeg.png using Guid(82be52d0ae7913840a235bf223ae8d9e) Importer(815301076,1909f56bfc062723c751e8b465ee728b)  -> (artifact id: '914558c98e7da2af726cbc813a4716b2') in 0.027210 seconds 
  Import took 0.032325 seconds .

========================================================================
Received Import Request.
  Time since last request: 17.396926 seconds.
  path: Assets/Sprites/RobotArm.png
  artifactKey: Guid(fabd860cf6a527f46af2f2075ba3fc44) Importer(815301076,1909f56bfc062723c751e8b465ee728b)
Start importing Assets/Sprites/RobotArm.png using Guid(fabd860cf6a527f46af2f2075ba3fc44) Importer(815301076,1909f56bfc062723c751e8b465ee728b)  -> (artifact id: '7dfc8a1703453f42aa8294ba61f434f3') in 0.018525 seconds 
  Import took 0.022728 seconds .

========================================================================
Received Import Request.
  Time since last request: 4.133571 seconds.
  path: Assets/Sprites/RobotArm.png
  artifactKey: Guid(fabd860cf6a527f46af2f2075ba3fc44) Importer(815301076,1909f56bfc062723c751e8b465ee728b)
Start importing Assets/Sprites/RobotArm.png using Guid(fabd860cf6a527f46af2f2075ba3fc44) Importer(815301076,1909f56bfc062723c751e8b465ee728b)  -> (artifact id: '9d524ac1d63e108e71248b88b70db09c') in 0.020582 seconds 
  Import took 0.024882 seconds .

========================================================================
Received Import Request.
  Time since last request: 8.955070 seconds.
  path: Assets/Sprites/RobotHead.png
  artifactKey: Guid(58c0b4296388a2946a92097001814e26) Importer(815301076,1909f56bfc062723c751e8b465ee728b)
Start importing Assets/Sprites/RobotHead.png using Guid(58c0b4296388a2946a92097001814e26) Importer(815301076,1909f56bfc062723c751e8b465ee728b)  -> (artifact id: '03beac4088d56e28f2903a45894c691f') in 0.024471 seconds 
  Import took 0.029581 seconds .

========================================================================
Received Import Request.
  Time since last request: 0.002828 seconds.
  path: Assets/Sprites/RobotHead.png
  artifactKey: Guid(58c0b4296388a2946a92097001814e26) Importer(815301076,1909f56bfc062723c751e8b465ee728b)
Start importing Assets/Sprites/RobotHead.png using Guid(58c0b4296388a2946a92097001814e26) Importer(815301076,1909f56bfc062723c751e8b465ee728b)  -> (artifact id: '03beac4088d56e28f2903a45894c691f') in 0.031204 seconds 
  Import took 0.036841 seconds .

========================================================================
Received Import Request.
  Time since last request: 7.774939 seconds.
  path: Assets/Sprites/RobotLeg.png
  artifactKey: Guid(c75f1a2425de86c48bd12088b986ca8e) Importer(815301076,1909f56bfc062723c751e8b465ee728b)
Start importing Assets/Sprites/RobotLeg.png using Guid(c75f1a2425de86c48bd12088b986ca8e) Importer(815301076,1909f56bfc062723c751e8b465ee728b)  -> (artifact id: '82673c9b8f12f40489530e8478b8c272') in 0.017826 seconds 
  Import took 0.022213 seconds .

========================================================================
Received Import Request.
  Time since last request: 9.036763 seconds.
  path: Assets/Sprites/TeddyArm.png
  artifactKey: Guid(dca778831af56b949bfb7495628475f3) Importer(815301076,1909f56bfc062723c751e8b465ee728b)
Start importing Assets/Sprites/TeddyArm.png using Guid(dca778831af56b949bfb7495628475f3) Importer(815301076,1909f56bfc062723c751e8b465ee728b)  -> (artifact id: '1ae224759a3a56274bf0803478b7f7ab') in 0.021391 seconds 
  Import took 0.027197 seconds .

========================================================================
Received Import Request.
  Time since last request: 9.960750 seconds.
  path: Assets/Sprites/TeddyHead.png
  artifactKey: Guid(72c5f363e3bbfa448a095c44aa0454bb) Importer(815301076,1909f56bfc062723c751e8b465ee728b)
Start importing Assets/Sprites/TeddyHead.png using Guid(72c5f363e3bbfa448a095c44aa0454bb) Importer(815301076,1909f56bfc062723c751e8b465ee728b)  -> (artifact id: 'ab4d60ec9eb504b5162eebce8813269a') in 0.023124 seconds 
  Import took 0.026450 seconds .

========================================================================
Received Import Request.
  Time since last request: 7.411946 seconds.
  path: Assets/Sprites/TeddyLeg.png
  artifactKey: Guid(ac89f049076467d4a90e0c783819af2c) Importer(815301076,1909f56bfc062723c751e8b465ee728b)
Start importing Assets/Sprites/TeddyLeg.png using Guid(ac89f049076467d4a90e0c783819af2c) Importer(815301076,1909f56bfc062723c751e8b465ee728b)  -> (artifact id: '426a7e1bae1ab929d89de4444d2deffc') in 0.016466 seconds 
  Import took 0.020071 seconds .

========================================================================
Received Import Request.
  Time since last request: 203.439980 seconds.
  path: Assets/Sprites/TeddyLeg.png
  artifactKey: Guid(ac89f049076467d4a90e0c783819af2c) Importer(815301076,1909f56bfc062723c751e8b465ee728b)
Start importing Assets/Sprites/TeddyLeg.png using Guid(ac89f049076467d4a90e0c783819af2c) Importer(815301076,1909f56bfc062723c751e8b465ee728b)  -> (artifact id: '458a77d01857ca72e29f644e93d38cee') in 0.015305 seconds 
  Import took 0.020185 seconds .

========================================================================
Received Import Request.
  Time since last request: 9.169644 seconds.
  path: Assets/Sprites/TeddyLeg.png
  artifactKey: Guid(ac89f049076467d4a90e0c783819af2c) Importer(815301076,1909f56bfc062723c751e8b465ee728b)
Start importing Assets/Sprites/TeddyLeg.png using Guid(ac89f049076467d4a90e0c783819af2c) Importer(815301076,1909f56bfc062723c751e8b465ee728b)  -> (artifact id: 'f09a341f11c4b4cf03935d029f8711f0') in 0.016714 seconds 
  Import took 0.020569 seconds .

========================================================================
Received Import Request.
  Time since last request: 10.569582 seconds.
  path: Assets/Sprites/TeddyLeg.png
  artifactKey: Guid(ac89f049076467d4a90e0c783819af2c) Importer(815301076,1909f56bfc062723c751e8b465ee728b)
Start importing Assets/Sprites/TeddyLeg.png using Guid(ac89f049076467d4a90e0c783819af2c) Importer(815301076,1909f56bfc062723c751e8b465ee728b)  -> (artifact id: '1e1fbbff4392cd718d40b5b7cb3d80f7') in 0.017820 seconds 
  Import took 0.023402 seconds .

========================================================================
Received Import Request.
  Time since last request: 13.145322 seconds.
  path: Assets/Sprites/TeddyLeg.png
  artifactKey: Guid(ac89f049076467d4a90e0c783819af2c) Importer(815301076,1909f56bfc062723c751e8b465ee728b)
Start importing Assets/Sprites/TeddyLeg.png using Guid(ac89f049076467d4a90e0c783819af2c) Importer(815301076,1909f56bfc062723c751e8b465ee728b)  -> (artifact id: 'aabfd39a4ccc5eb026874a5d07dbd2a5') in 0.013112 seconds 
  Import took 0.018355 seconds .

========================================================================
Received Import Request.
  Time since last request: 9.626281 seconds.
  path: Assets/Sprites/TeddyLeg.png
  artifactKey: Guid(ac89f049076467d4a90e0c783819af2c) Importer(815301076,1909f56bfc062723c751e8b465ee728b)
Start importing Assets/Sprites/TeddyLeg.png using Guid(ac89f049076467d4a90e0c783819af2c) Importer(815301076,1909f56bfc062723c751e8b465ee728b)  -> (artifact id: 'd832dbb0b7c8edd0f885992eb3f2615c') in 0.026810 seconds 
  Import took 0.030309 seconds .

========================================================================
Received Import Request.
  Time since last request: 331.462145 seconds.
  path: Assets/Sprites/DollHead.png
  artifactKey: Guid(b3a1e688367347742b0ba6b8b6f6fcd2) Importer(815301076,1909f56bfc062723c751e8b465ee728b)
Start importing Assets/Sprites/DollHead.png using Guid(b3a1e688367347742b0ba6b8b6f6fcd2) Importer(815301076,1909f56bfc062723c751e8b465ee728b)  -> (artifact id: 'c5b5c372acd88b9b9b048e3b1211ba35') in 0.019938 seconds 
  Import took 0.023858 seconds .

========================================================================
Received Import Request.
  Time since last request: 151.260502 seconds.
  path: Assets/Sprites/DollHead.png
  artifactKey: Guid(b3a1e688367347742b0ba6b8b6f6fcd2) Importer(815301076,1909f56bfc062723c751e8b465ee728b)
Start importing Assets/Sprites/DollHead.png using Guid(b3a1e688367347742b0ba6b8b6f6fcd2) Importer(815301076,1909f56bfc062723c751e8b465ee728b)  -> (artifact id: 'b9f1c6821b5e5aebf860bab94de1a91b') in 0.017267 seconds 
  Import took 0.020632 seconds .

========================================================================
Received Import Request.
  Time since last request: 39.000698 seconds.
  path: Assets/Sprites/Doll.png
  artifactKey: Guid(941958efceb824d43809bab32714acc2) Importer(815301076,1909f56bfc062723c751e8b465ee728b)
Start importing Assets/Sprites/Doll.png using Guid(941958efceb824d43809bab32714acc2) Importer(815301076,1909f56bfc062723c751e8b465ee728b)  -> (artifact id: '44748fb3d42e2c3825e2c32d6d09a2e7') in 0.030292 seconds 
  Import took 0.033934 seconds .

========================================================================
Received Import Request.
  Time since last request: 232.737196 seconds.
  path: Assets/Sprites/Robot.png
  artifactKey: Guid(e75c0543803479246b870efc87635d0f) Importer(815301076,1909f56bfc062723c751e8b465ee728b)
Start importing Assets/Sprites/Robot.png using Guid(e75c0543803479246b870efc87635d0f) Importer(815301076,1909f56bfc062723c751e8b465ee728b)  -> (artifact id: '36631a6c89864719986f8c22a1b01376') in 0.016910 seconds 
  Import took 0.021819 seconds .

========================================================================
Received Import Request.
  Time since last request: 0.000332 seconds.
  path: Assets/Sprites/RobotArm.png
  artifactKey: Guid(fabd860cf6a527f46af2f2075ba3fc44) Importer(815301076,1909f56bfc062723c751e8b465ee728b)
Start importing Assets/Sprites/RobotArm.png using Guid(fabd860cf6a527f46af2f2075ba3fc44) Importer(815301076,1909f56bfc062723c751e8b465ee728b)  -> (artifact id: '574657af5ae5077b7795f30eb4b91862') in 0.015826 seconds 
  Import took 0.019680 seconds .

========================================================================
Received Import Request.
  Time since last request: 0.000214 seconds.
  path: Assets/Sprites/RobotHead.png
  artifactKey: Guid(58c0b4296388a2946a92097001814e26) Importer(815301076,1909f56bfc062723c751e8b465ee728b)
Start importing Assets/Sprites/RobotHead.png using Guid(58c0b4296388a2946a92097001814e26) Importer(815301076,1909f56bfc062723c751e8b465ee728b)  -> (artifact id: 'cb80a84f6690807a2d7c1cf0788cd7fc') in 0.016021 seconds 
  Import took 0.020205 seconds .

========================================================================
Received Import Request.
  Time since last request: 0.000207 seconds.
  path: Assets/Sprites/Robot.png
  artifactKey: Guid(e75c0543803479246b870efc87635d0f) Importer(815301076,1909f56bfc062723c751e8b465ee728b)
Start importing Assets/Sprites/Robot.png using Guid(e75c0543803479246b870efc87635d0f) Importer(815301076,1909f56bfc062723c751e8b465ee728b)  -> (artifact id: '36631a6c89864719986f8c22a1b01376') in 0.014777 seconds 
  Import took 0.019522 seconds .

========================================================================
Received Import Request.
  Time since last request: 0.000208 seconds.
  path: Assets/Sprites/RobotLeg.png
  artifactKey: Guid(c75f1a2425de86c48bd12088b986ca8e) Importer(815301076,1909f56bfc062723c751e8b465ee728b)
Start importing Assets/Sprites/RobotLeg.png using Guid(c75f1a2425de86c48bd12088b986ca8e) Importer(815301076,1909f56bfc062723c751e8b465ee728b)  -> (artifact id: '6a5a8e7caf247f4bf2006782ccb12eca') in 0.018472 seconds 
  Import took 0.022098 seconds .

========================================================================
Received Import Request.
  Time since last request: 0.000308 seconds.
  path: Assets/Sprites/RobotBody.png
  artifactKey: Guid(8fb625357c5e89248a18f7c10c4037b6) Importer(815301076,1909f56bfc062723c751e8b465ee728b)
Start importing Assets/Sprites/RobotBody.png using Guid(8fb625357c5e89248a18f7c10c4037b6) Importer(815301076,1909f56bfc062723c751e8b465ee728b)  -> (artifact id: 'f5ce9c856e6b97d1691a5d59ed412ded') in 0.019546 seconds 
  Import took 0.025896 seconds .

========================================================================
Received Import Request.
  Time since last request: 0.003505 seconds.
  path: Assets/Sprites/RobotBody.png
  artifactKey: Guid(8fb625357c5e89248a18f7c10c4037b6) Importer(815301076,1909f56bfc062723c751e8b465ee728b)
Start importing Assets/Sprites/RobotBody.png using Guid(8fb625357c5e89248a18f7c10c4037b6) Importer(815301076,1909f56bfc062723c751e8b465ee728b)  -> (artifact id: 'f5ce9c856e6b97d1691a5d59ed412ded') in 0.014117 seconds 
  Import took 0.017652 seconds .

========================================================================
Received Import Request.
  Time since last request: 88.665000 seconds.
  path: Assets/Sprites/Robot.png
  artifactKey: Guid(e75c0543803479246b870efc87635d0f) Importer(815301076,1909f56bfc062723c751e8b465ee728b)
Start importing Assets/Sprites/Robot.png using Guid(e75c0543803479246b870efc87635d0f) Importer(815301076,1909f56bfc062723c751e8b465ee728b)  -> (artifact id: 'be69465014e12897b7c567a41641efda') in 0.020267 seconds 
  Import took 0.024936 seconds .

========================================================================
Received Import Request.
  Time since last request: 0.000413 seconds.
  path: Assets/Sprites/RobotBody.png
  artifactKey: Guid(8fb625357c5e89248a18f7c10c4037b6) Importer(815301076,1909f56bfc062723c751e8b465ee728b)
Start importing Assets/Sprites/RobotBody.png using Guid(8fb625357c5e89248a18f7c10c4037b6) Importer(815301076,1909f56bfc062723c751e8b465ee728b)  -> (artifact id: '32bb27ae473c9b2484cfad5876550fe3') in 0.014515 seconds 
  Import took 0.018004 seconds .

========================================================================
Received Import Request.
  Time since last request: 66.040332 seconds.
  path: Assets/Sprites/TeddyLeg.png
  artifactKey: Guid(ac89f049076467d4a90e0c783819af2c) Importer(815301076,1909f56bfc062723c751e8b465ee728b)
Start importing Assets/Sprites/TeddyLeg.png using Guid(ac89f049076467d4a90e0c783819af2c) Importer(815301076,1909f56bfc062723c751e8b465ee728b)  -> (artifact id: 'f5a0acc0aed98668322a754a559c9e6e') in 0.029487 seconds 
  Import took 0.034249 seconds .

========================================================================
Received Import Request.
  Time since last request: 21.371680 seconds.
  path: Assets/Sprites/TeddyLeg.png
  artifactKey: Guid(ac89f049076467d4a90e0c783819af2c) Importer(815301076,1909f56bfc062723c751e8b465ee728b)
Start importing Assets/Sprites/TeddyLeg.png using Guid(ac89f049076467d4a90e0c783819af2c) Importer(815301076,1909f56bfc062723c751e8b465ee728b)  -> (artifact id: '2f56009eba9fec6b8a1105e44a5b8d76') in 0.017149 seconds 
  Import took 0.022287 seconds .

========================================================================
Received Import Request.
  Time since last request: 7.388415 seconds.
  path: Assets/Sprites/TeddyLeg.png
  artifactKey: Guid(ac89f049076467d4a90e0c783819af2c) Importer(815301076,1909f56bfc062723c751e8b465ee728b)
Start importing Assets/Sprites/TeddyLeg.png using Guid(ac89f049076467d4a90e0c783819af2c) Importer(815301076,1909f56bfc062723c751e8b465ee728b)  -> (artifact id: 'fe591344b9ee256e317cdd4f18735c9d') in 0.014665 seconds 
  Import took 0.020635 seconds .

========================================================================
Received Import Request.
  Time since last request: 7.220142 seconds.
  path: Assets/Sprites/TeddyLeg.png
  artifactKey: Guid(ac89f049076467d4a90e0c783819af2c) Importer(815301076,1909f56bfc062723c751e8b465ee728b)
Start importing Assets/Sprites/TeddyLeg.png using Guid(ac89f049076467d4a90e0c783819af2c) Importer(815301076,1909f56bfc062723c751e8b465ee728b)  -> (artifact id: 'bfa5bf843206e4cafd5ae929822ed0c4') in 0.011907 seconds 
  Import took 0.015360 seconds .

========================================================================
Received Import Request.
  Time since last request: 136.435273 seconds.
  path: Assets/Sprites/TeddyLeg.png
  artifactKey: Guid(ac89f049076467d4a90e0c783819af2c) Importer(815301076,1909f56bfc062723c751e8b465ee728b)
Start importing Assets/Sprites/TeddyLeg.png using Guid(ac89f049076467d4a90e0c783819af2c) Importer(815301076,1909f56bfc062723c751e8b465ee728b)  -> (artifact id: 'c869c3230bd5a9edcd2e105904a7a6e9') in 0.028214 seconds 
  Import took 0.031582 seconds .

========================================================================
Received Import Request.
  Time since last request: 36.673727 seconds.
  path: Assets/Sprites/TeddyLeg.png
  artifactKey: Guid(ac89f049076467d4a90e0c783819af2c) Importer(815301076,1909f56bfc062723c751e8b465ee728b)
Start importing Assets/Sprites/TeddyLeg.png using Guid(ac89f049076467d4a90e0c783819af2c) Importer(815301076,1909f56bfc062723c751e8b465ee728b)  -> (artifact id: '2724bcd4509618e28c411f432cc17287') in 0.018590 seconds 
  Import took 0.022065 seconds .

========================================================================
Received Import Request.
  Time since last request: 39.538243 seconds.
  path: Assets/Sprites/TeddyLeg.png
  artifactKey: Guid(ac89f049076467d4a90e0c783819af2c) Importer(815301076,1909f56bfc062723c751e8b465ee728b)
Start importing Assets/Sprites/TeddyLeg.png using Guid(ac89f049076467d4a90e0c783819af2c) Importer(815301076,1909f56bfc062723c751e8b465ee728b)  -> (artifact id: '73428bd53b70e9058dfdfdd5f3d06b32') in 0.013630 seconds 
  Import took 0.017784 seconds .

========================================================================
Received Import Request.
  Time since last request: 9.099864 seconds.
  path: Assets/Sprites/TeddyLeg.png
  artifactKey: Guid(ac89f049076467d4a90e0c783819af2c) Importer(815301076,1909f56bfc062723c751e8b465ee728b)
Start importing Assets/Sprites/TeddyLeg.png using Guid(ac89f049076467d4a90e0c783819af2c) Importer(815301076,1909f56bfc062723c751e8b465ee728b)  -> (artifact id: '0bd6eecd704f33bee99119061f7180ef') in 0.015850 seconds 
  Import took 0.019295 seconds .

========================================================================
Received Import Request.
  Time since last request: 95.288248 seconds.
  path: Assets/Sprites/RabbitLeg.png
  artifactKey: Guid(82be52d0ae7913840a235bf223ae8d9e) Importer(815301076,1909f56bfc062723c751e8b465ee728b)
Start importing Assets/Sprites/RabbitLeg.png using Guid(82be52d0ae7913840a235bf223ae8d9e) Importer(815301076,1909f56bfc062723c751e8b465ee728b)  -> (artifact id: 'be01f943c933a30c5b371cec2af69eb7') in 0.020139 seconds 
  Import took 0.023989 seconds .

========================================================================
Received Import Request.
  Time since last request: 19.408467 seconds.
  path: Assets/Sprites/RabbitLeg.png
  artifactKey: Guid(82be52d0ae7913840a235bf223ae8d9e) Importer(815301076,1909f56bfc062723c751e8b465ee728b)
Start importing Assets/Sprites/RabbitLeg.png using Guid(82be52d0ae7913840a235bf223ae8d9e) Importer(815301076,1909f56bfc062723c751e8b465ee728b)  -> (artifact id: 'dab7d3aee2aaa3346ea9e04756409f3d') in 0.019638 seconds 
  Import took 0.023560 seconds .

========================================================================
Received Import Request.
  Time since last request: 32.825926 seconds.
  path: Assets/Sprites/DollHead.png
  artifactKey: Guid(b3a1e688367347742b0ba6b8b6f6fcd2) Importer(815301076,1909f56bfc062723c751e8b465ee728b)
Start importing Assets/Sprites/DollHead.png using Guid(b3a1e688367347742b0ba6b8b6f6fcd2) Importer(815301076,1909f56bfc062723c751e8b465ee728b)  -> (artifact id: 'e9397102ea47103e2161737882b06fef') in 0.024387 seconds 
  Import took 0.027999 seconds .

========================================================================
Received Import Request.
  Time since last request: 69.678940 seconds.
  path: Assets/Prefabs/Shelves.prefab
  artifactKey: Guid(c70cf34a0e8225749854a095cad37c09) Importer(815301076,1909f56bfc062723c751e8b465ee728b)
Start importing Assets/Prefabs/Shelves.prefab using Guid(c70cf34a0e8225749854a095cad37c09) Importer(815301076,1909f56bfc062723c751e8b465ee728b)  -> (artifact id: '058e60c4f0f2c11ba08186363d1c728c') in 0.087010 seconds 
  Import took 0.093101 seconds .

========================================================================
Received Import Request.
  Time since last request: 79.924227 seconds.
  path: Assets/Prefabs/Shelves.prefab
  artifactKey: Guid(c70cf34a0e8225749854a095cad37c09) Importer(815301076,1909f56bfc062723c751e8b465ee728b)
Start importing Assets/Prefabs/Shelves.prefab using Guid(c70cf34a0e8225749854a095cad37c09) Importer(815301076,1909f56bfc062723c751e8b465ee728b)  -> (artifact id: '63cd67568326ab2965b1901beec7986d') in 0.040235 seconds 
  Import took 0.045031 seconds .

========================================================================
Received Prepare
Registering precompiled user dll's ...
Registered in 0.005670 seconds.
Begin MonoManager ReloadAssembly
Native extension for WindowsStandalone target not found
Native extension for WebGL target not found
Refreshing native plugins compatible for Editor in 0.78 ms, found 3 plugins.
Preloading 0 native plugins for Editor in 0.00 ms.
Mono: successfully reloaded assembly
- Completed reload, in  1.292 seconds
Domain Reload Profiling:
	ReloadAssembly (1292ms)
		BeginReloadAssembly (168ms)
			ExecutionOrderSort (0ms)
			DisableScriptedObjects (9ms)
			BackupInstance (0ms)
			ReleaseScriptingObjects (0ms)
			CreateAndSetChildDomain (59ms)
		EndReloadAssembly (1035ms)
			LoadAssemblies (131ms)
			RebuildTransferFunctionScriptingTraits (0ms)
			SetupTypeCache (317ms)
			ReleaseScriptCaches (1ms)
			RebuildScriptCaches (48ms)
			SetupLoadedEditorAssemblies (418ms)
				LogAssemblyErrors (0ms)
				InitializePlatformSupportModulesInManaged (11ms)
				SetLoadedEditorAssemblies (1ms)
				RefreshPlugins (1ms)
				BeforeProcessingInitializeOnLoad (104ms)
				ProcessInitializeOnLoadAttributes (290ms)
				ProcessInitializeOnLoadMethodAttributes (5ms)
				AfterProcessingInitializeOnLoad (6ms)
				EditorAssembliesLoaded (0ms)
			ExecutionOrderSort2 (0ms)
			AwakeInstancesAfterBackupRestoration (18ms)
Platform modules already initialized, skipping
Refreshing native plugins compatible for Editor in 0.47 ms, found 3 plugins.
Preloading 0 native plugins for Editor in 0.00 ms.
Unloading 2163 Unused Serialized files (Serialized files now loaded: 0)
System memory in use before: 100.1 MB.
System memory in use after: 100.2 MB.

Unloading 14 unused Assets to reduce memory usage. Loaded Objects now: 2679.
Total: 2.974400 ms (FindLiveObjects: 0.145500 ms CreateObjectMapping: 0.041700 ms MarkObjects: 2.766100 ms  DeleteObjects: 0.019800 ms)

AssetImportParameters requested are different than current active one (requested -> active):
  custom:framework-win-MediaFoundation: 216162199b28c13a410421893ffa2e32 -> 
  custom:video-decoder-ogg-theora: a1e56fd34408186e4bbccfd4996cb3dc -> 
  custom:container-muxer-webm: aa71ff27fc2769a1b78a27578f13a17b -> 
  custom:container-demuxer-webm: 4f35f7cbe854078d1ac9338744f61a02 -> 
  custom:container-demuxer-ogg: 62fdf1f143b41e24485cea50d1cbac27 -> 
  custom:video-encoder-webm-vp8: eb34c28f22e8b96e1ab97ce403110664 -> 
  custom:video-codec-MediaFoundation-h265: 746d11721c4dcdbdad8f713fa42b33f4 -> 
  custom:video-decoder-webm-vp8: 9c59270c3fd7afecdb556c50c9e8de78 -> 
  custom:audio-decoder-ogg-vorbis: bf7c407c2cedff20999df2af8eb42d56 -> 
  custom:audio-encoder-webm-vorbis: bf7c407c2cedff20999df2af8eb42d56 -> 
========================================================================
Received Import Request.
  Time since last request: 857.814681 seconds.
  path: Assets/Prefabs/Shelves.prefab
  artifactKey: Guid(c70cf34a0e8225749854a095cad37c09) Importer(815301076,1909f56bfc062723c751e8b465ee728b)
Start importing Assets/Prefabs/Shelves.prefab using Guid(c70cf34a0e8225749854a095cad37c09) Importer(815301076,1909f56bfc062723c751e8b465ee728b)  -> (artifact id: 'ce6987caf690eb8b2be5048bdba1ebcc') in 0.095918 seconds 
  Import took 0.104319 seconds .

========================================================================
Received Import Request.
  Time since last request: 1234.893283 seconds.
  path: Assets/Prefabs/Toy.prefab
  artifactKey: Guid(72b6eefaf99c3d84a98687b726f1590b) Importer(815301076,1909f56bfc062723c751e8b465ee728b)
Start importing Assets/Prefabs/Toy.prefab using Guid(72b6eefaf99c3d84a98687b726f1590b) Importer(815301076,1909f56bfc062723c751e8b465ee728b)  -> (artifact id: '22ddb3a17b80c25ecffc92fe93715ff4') in 0.012656 seconds 
  Import took 0.017880 seconds .

========================================================================
Received Import Request.
  Time since last request: 0.001998 seconds.
  path: Assets/Prefabs/Toy.prefab
  artifactKey: Guid(72b6eefaf99c3d84a98687b726f1590b) Importer(815301076,1909f56bfc062723c751e8b465ee728b)
Start importing Assets/Prefabs/Toy.prefab using Guid(72b6eefaf99c3d84a98687b726f1590b) Importer(815301076,1909f56bfc062723c751e8b465ee728b)  -> (artifact id: '22ddb3a17b80c25ecffc92fe93715ff4') in 0.006482 seconds 
  Import took 0.010353 seconds .

========================================================================
Received Import Request.
  Time since last request: 157.399407 seconds.
  path: Assets/Sprites/ToyMachines.png
  artifactKey: Guid(4e5a087b2883cae4ea0dc650b642ed44) Importer(815301076,1909f56bfc062723c751e8b465ee728b)
Start importing Assets/Sprites/ToyMachines.png using Guid(4e5a087b2883cae4ea0dc650b642ed44) Importer(815301076,1909f56bfc062723c751e8b465ee728b)  -> (artifact id: '05768df1739ec013f1c169169acc30bc') in 0.060549 seconds 
  Import took 0.065446 seconds .

========================================================================
Received Import Request.
  Time since last request: 11.368238 seconds.
  path: Assets/Sprites/ToyMachines.png
  artifactKey: Guid(4e5a087b2883cae4ea0dc650b642ed44) Importer(815301076,1909f56bfc062723c751e8b465ee728b)
Start importing Assets/Sprites/ToyMachines.png using Guid(4e5a087b2883cae4ea0dc650b642ed44) Importer(815301076,1909f56bfc062723c751e8b465ee728b)  -> (artifact id: '10859b01ec52f2b3ef292ee0a13fe9ea') in 0.030726 seconds 
  Import took 0.034489 seconds .

========================================================================
Received Import Request.
  Time since last request: 5.597970 seconds.
  path: Assets/Sprites/ToyMachines.png
  artifactKey: Guid(4e5a087b2883cae4ea0dc650b642ed44) Importer(815301076,1909f56bfc062723c751e8b465ee728b)
Start importing Assets/Sprites/ToyMachines.png using Guid(4e5a087b2883cae4ea0dc650b642ed44) Importer(815301076,1909f56bfc062723c751e8b465ee728b)  -> (artifact id: '20cc10823cad6614e58ad0ddcc754b5c') in 0.063365 seconds 
  Import took 0.067227 seconds .

========================================================================
Received Import Request.
  Time since last request: 193.466549 seconds.
  path: Assets/Sprites/ToyMachines.png
  artifactKey: Guid(4e5a087b2883cae4ea0dc650b642ed44) Importer(815301076,1909f56bfc062723c751e8b465ee728b)
Start importing Assets/Sprites/ToyMachines.png using Guid(4e5a087b2883cae4ea0dc650b642ed44) Importer(815301076,1909f56bfc062723c751e8b465ee728b)  -> (artifact id: '98e0f934ed85e16190ff6d7e435cf6b5') in 0.047192 seconds 
  Import took 0.050936 seconds .

========================================================================
Received Import Request.
  Time since last request: 11.713595 seconds.
  path: Assets/Sprites/ToyMachines.png
  artifactKey: Guid(4e5a087b2883cae4ea0dc650b642ed44) Importer(815301076,1909f56bfc062723c751e8b465ee728b)
Start importing Assets/Sprites/ToyMachines.png using Guid(4e5a087b2883cae4ea0dc650b642ed44) Importer(815301076,1909f56bfc062723c751e8b465ee728b)  -> (artifact id: '977e43462cff2831b7fb42fdd11fdddb') in 0.102322 seconds 
  Import took 0.105739 seconds .

========================================================================
Received Import Request.
  Time since last request: 310.760552 seconds.
  path: Assets/Sprites/ToyMachines.png
  artifactKey: Guid(4e5a087b2883cae4ea0dc650b642ed44) Importer(815301076,1909f56bfc062723c751e8b465ee728b)
Start importing Assets/Sprites/ToyMachines.png using Guid(4e5a087b2883cae4ea0dc650b642ed44) Importer(815301076,1909f56bfc062723c751e8b465ee728b)  -> (artifact id: '517963308989530771365290696a71f1') in 0.056798 seconds 
  Import took 0.060750 seconds .

========================================================================
Received Import Request.
  Time since last request: 0.004480 seconds.
  path: Assets/Sprites/ToyMachines.png
  artifactKey: Guid(4e5a087b2883cae4ea0dc650b642ed44) Importer(815301076,1909f56bfc062723c751e8b465ee728b)
Start importing Assets/Sprites/ToyMachines.png using Guid(4e5a087b2883cae4ea0dc650b642ed44) Importer(815301076,1909f56bfc062723c751e8b465ee728b)  -> (artifact id: '517963308989530771365290696a71f1') in 0.055099 seconds 
  Import took 0.060293 seconds .

========================================================================
Received Import Request.
  Time since last request: 7.521285 seconds.
  path: Assets/Sprites/ToyMachines.png
  artifactKey: Guid(4e5a087b2883cae4ea0dc650b642ed44) Importer(815301076,1909f56bfc062723c751e8b465ee728b)
Start importing Assets/Sprites/ToyMachines.png using Guid(4e5a087b2883cae4ea0dc650b642ed44) Importer(815301076,1909f56bfc062723c751e8b465ee728b)  -> (artifact id: '41a313ef7f21d2b6bfba8daffae474cb') in 0.062156 seconds 
  Import took 0.065975 seconds .

